Performing C SOURCE FILE Test HAVE_GCC_PREFERRED_STACK_BOUNDARY failed with the following output:
Change Dir: /home/lucie/fit/izg/izgProject/build/CMakeFiles/CMakeTmp

Run Build Command(s):/usr/bin/make -f Makefile cmTC_5eccd/fast && /usr/bin/make  -f CMakeFiles/cmTC_5eccd.dir/build.make CMakeFiles/cmTC_5eccd.dir/build
make[1]: Entering directory '/home/lucie/fit/izg/izgProject/build/CMakeFiles/CMakeTmp'
Building C object CMakeFiles/cmTC_5eccd.dir/src.c.o
/usr/bin/cc -DHAVE_GCC_PREFERRED_STACK_BOUNDARY  -g -O3 -idirafter "/home/lucie/fit/izg/izgProject/libs/SDL2-2.0.14/src/video/khronos" -mpreferred-stack-boundary=2 -std=gnu99 -o CMakeFiles/cmTC_5eccd.dir/src.c.o -c /home/lucie/fit/izg/izgProject/build/CMakeFiles/CMakeTmp/src.c
cc1: error: ‘-mpreferred-stack-boundary=2’ is not between 3 and 12
make[1]: *** [CMakeFiles/cmTC_5eccd.dir/build.make:78: CMakeFiles/cmTC_5eccd.dir/src.c.o] Error 1
make[1]: Leaving directory '/home/lucie/fit/izg/izgProject/build/CMakeFiles/CMakeTmp'
make: *** [Makefile:127: cmTC_5eccd/fast] Error 2


Source file was:
int x = 0; int main(int argc, char **argv) {}
Performing C SOURCE FILE Test HAVE_ALTIVEC_H_HDR failed with the following output:
Change Dir: /home/lucie/fit/izg/izgProject/build/CMakeFiles/CMakeTmp

Run Build Command(s):/usr/bin/make -f Makefile cmTC_87826/fast && /usr/bin/make  -f CMakeFiles/cmTC_87826.dir/build.make CMakeFiles/cmTC_87826.dir/build
make[1]: Entering directory '/home/lucie/fit/izg/izgProject/build/CMakeFiles/CMakeTmp'
Building C object CMakeFiles/cmTC_87826.dir/src.c.o
/usr/bin/cc -DHAVE_ALTIVEC_H_HDR  -g -O3 -idirafter "/home/lucie/fit/izg/izgProject/libs/SDL2-2.0.14/src/video/khronos" -maltivec -std=gnu99 -o CMakeFiles/cmTC_87826.dir/src.c.o -c /home/lucie/fit/izg/izgProject/build/CMakeFiles/CMakeTmp/src.c
cc: error: unrecognized command line option ‘-maltivec’
make[1]: *** [CMakeFiles/cmTC_87826.dir/build.make:78: CMakeFiles/cmTC_87826.dir/src.c.o] Error 1
make[1]: Leaving directory '/home/lucie/fit/izg/izgProject/build/CMakeFiles/CMakeTmp'
make: *** [Makefile:127: cmTC_87826/fast] Error 2


Source file was:

          #include <altivec.h>
          vector unsigned int vzero() {
              return vec_splat_u32(0);
          }
          int main(int argc, char **argv) { }
Performing C SOURCE FILE Test HAVE_ALTIVEC failed with the following output:
Change Dir: /home/lucie/fit/izg/izgProject/build/CMakeFiles/CMakeTmp

Run Build Command(s):/usr/bin/make -f Makefile cmTC_77df5/fast && /usr/bin/make  -f CMakeFiles/cmTC_77df5.dir/build.make CMakeFiles/cmTC_77df5.dir/build
make[1]: Entering directory '/home/lucie/fit/izg/izgProject/build/CMakeFiles/CMakeTmp'
Building C object CMakeFiles/cmTC_77df5.dir/src.c.o
/usr/bin/cc -DHAVE_ALTIVEC  -g -O3 -idirafter "/home/lucie/fit/izg/izgProject/libs/SDL2-2.0.14/src/video/khronos" -maltivec -std=gnu99 -o CMakeFiles/cmTC_77df5.dir/src.c.o -c /home/lucie/fit/izg/izgProject/build/CMakeFiles/CMakeTmp/src.c
cc: error: unrecognized command line option ‘-maltivec’
make[1]: *** [CMakeFiles/cmTC_77df5.dir/build.make:78: CMakeFiles/cmTC_77df5.dir/src.c.o] Error 1
make[1]: Leaving directory '/home/lucie/fit/izg/izgProject/build/CMakeFiles/CMakeTmp'
make: *** [Makefile:127: cmTC_77df5/fast] Error 2


Source file was:

          vector unsigned int vzero() {
              return vec_splat_u32(0);
          }
          int main(int argc, char **argv) { }
Determining if the include file libunwind.h exists failed with the following output:
Change Dir: /home/lucie/fit/izg/izgProject/build/CMakeFiles/CMakeTmp

Run Build Command(s):/usr/bin/make -f Makefile cmTC_dbc10/fast && /usr/bin/make  -f CMakeFiles/cmTC_dbc10.dir/build.make CMakeFiles/cmTC_dbc10.dir/build
make[1]: Entering directory '/home/lucie/fit/izg/izgProject/build/CMakeFiles/CMakeTmp'
Building C object CMakeFiles/cmTC_dbc10.dir/CheckIncludeFile.c.o
/usr/bin/cc   -g -O3 -idirafter "/home/lucie/fit/izg/izgProject/libs/SDL2-2.0.14/src/video/khronos"  -o CMakeFiles/cmTC_dbc10.dir/CheckIncludeFile.c.o -c /home/lucie/fit/izg/izgProject/build/CMakeFiles/CMakeTmp/CheckIncludeFile.c
/home/lucie/fit/izg/izgProject/build/CMakeFiles/CMakeTmp/CheckIncludeFile.c:1:10: fatal error: libunwind.h: No such file or directory
    1 | #include <libunwind.h>
      |          ^~~~~~~~~~~~~
compilation terminated.
make[1]: *** [CMakeFiles/cmTC_dbc10.dir/build.make:78: CMakeFiles/cmTC_dbc10.dir/CheckIncludeFile.c.o] Error 1
make[1]: Leaving directory '/home/lucie/fit/izg/izgProject/build/CMakeFiles/CMakeTmp'
make: *** [Makefile:127: cmTC_dbc10/fast] Error 2



Determining if the strlcpy exist failed with the following output:
Change Dir: /home/lucie/fit/izg/izgProject/build/CMakeFiles/CMakeTmp

Run Build Command(s):/usr/bin/make -f Makefile cmTC_9a269/fast && /usr/bin/make  -f CMakeFiles/cmTC_9a269.dir/build.make CMakeFiles/cmTC_9a269.dir/build
make[1]: Entering directory '/home/lucie/fit/izg/izgProject/build/CMakeFiles/CMakeTmp'
Building C object CMakeFiles/cmTC_9a269.dir/CheckSymbolExists.c.o
/usr/bin/cc   -g -O3 -idirafter "/home/lucie/fit/izg/izgProject/libs/SDL2-2.0.14/src/video/khronos"  -o CMakeFiles/cmTC_9a269.dir/CheckSymbolExists.c.o -c /home/lucie/fit/izg/izgProject/build/CMakeFiles/CMakeTmp/CheckSymbolExists.c
/home/lucie/fit/izg/izgProject/build/CMakeFiles/CMakeTmp/CheckSymbolExists.c: In function ‘main’:
/home/lucie/fit/izg/izgProject/build/CMakeFiles/CMakeTmp/CheckSymbolExists.c:14:19: error: ‘strlcpy’ undeclared (first use in this function); did you mean ‘strncpy’?
   14 |   return ((int*)(&strlcpy))[argc];
      |                   ^~~~~~~
      |                   strncpy
/home/lucie/fit/izg/izgProject/build/CMakeFiles/CMakeTmp/CheckSymbolExists.c:14:19: note: each undeclared identifier is reported only once for each function it appears in
make[1]: *** [CMakeFiles/cmTC_9a269.dir/build.make:78: CMakeFiles/cmTC_9a269.dir/CheckSymbolExists.c.o] Error 1
make[1]: Leaving directory '/home/lucie/fit/izg/izgProject/build/CMakeFiles/CMakeTmp'
make: *** [Makefile:127: cmTC_9a269/fast] Error 2


File /home/lucie/fit/izg/izgProject/build/CMakeFiles/CMakeTmp/CheckSymbolExists.c:
/* */
#include <stddef.h>
#include <stdarg.h>
#include <stdlib.h>
#include <string.h>
#include <stdio.h>
#include <wchar.h>
#include <float.h>

int main(int argc, char** argv)
{
  (void)argv;
#ifndef strlcpy
  return ((int*)(&strlcpy))[argc];
#else
  (void)argc;
  return 0;
#endif
}
Determining if the strlcat exist failed with the following output:
Change Dir: /home/lucie/fit/izg/izgProject/build/CMakeFiles/CMakeTmp

Run Build Command(s):/usr/bin/make -f Makefile cmTC_f3d00/fast && /usr/bin/make  -f CMakeFiles/cmTC_f3d00.dir/build.make CMakeFiles/cmTC_f3d00.dir/build
make[1]: Entering directory '/home/lucie/fit/izg/izgProject/build/CMakeFiles/CMakeTmp'
Building C object CMakeFiles/cmTC_f3d00.dir/CheckSymbolExists.c.o
/usr/bin/cc   -g -O3 -idirafter "/home/lucie/fit/izg/izgProject/libs/SDL2-2.0.14/src/video/khronos"  -o CMakeFiles/cmTC_f3d00.dir/CheckSymbolExists.c.o -c /home/lucie/fit/izg/izgProject/build/CMakeFiles/CMakeTmp/CheckSymbolExists.c
/home/lucie/fit/izg/izgProject/build/CMakeFiles/CMakeTmp/CheckSymbolExists.c: In function ‘main’:
/home/lucie/fit/izg/izgProject/build/CMakeFiles/CMakeTmp/CheckSymbolExists.c:14:19: error: ‘strlcat’ undeclared (first use in this function); did you mean ‘strncat’?
   14 |   return ((int*)(&strlcat))[argc];
      |                   ^~~~~~~
      |                   strncat
/home/lucie/fit/izg/izgProject/build/CMakeFiles/CMakeTmp/CheckSymbolExists.c:14:19: note: each undeclared identifier is reported only once for each function it appears in
make[1]: *** [CMakeFiles/cmTC_f3d00.dir/build.make:78: CMakeFiles/cmTC_f3d00.dir/CheckSymbolExists.c.o] Error 1
make[1]: Leaving directory '/home/lucie/fit/izg/izgProject/build/CMakeFiles/CMakeTmp'
make: *** [Makefile:127: cmTC_f3d00/fast] Error 2


File /home/lucie/fit/izg/izgProject/build/CMakeFiles/CMakeTmp/CheckSymbolExists.c:
/* */
#include <stddef.h>
#include <stdarg.h>
#include <stdlib.h>
#include <string.h>
#include <stdio.h>
#include <wchar.h>
#include <float.h>

int main(int argc, char** argv)
{
  (void)argv;
#ifndef strlcat
  return ((int*)(&strlcat))[argc];
#else
  (void)argc;
  return 0;
#endif
}
Determining if the _strrev exist failed with the following output:
Change Dir: /home/lucie/fit/izg/izgProject/build/CMakeFiles/CMakeTmp

Run Build Command(s):/usr/bin/make -f Makefile cmTC_ae0ca/fast && /usr/bin/make  -f CMakeFiles/cmTC_ae0ca.dir/build.make CMakeFiles/cmTC_ae0ca.dir/build
make[1]: Entering directory '/home/lucie/fit/izg/izgProject/build/CMakeFiles/CMakeTmp'
Building C object CMakeFiles/cmTC_ae0ca.dir/CheckSymbolExists.c.o
/usr/bin/cc   -g -O3 -idirafter "/home/lucie/fit/izg/izgProject/libs/SDL2-2.0.14/src/video/khronos"  -o CMakeFiles/cmTC_ae0ca.dir/CheckSymbolExists.c.o -c /home/lucie/fit/izg/izgProject/build/CMakeFiles/CMakeTmp/CheckSymbolExists.c
/home/lucie/fit/izg/izgProject/build/CMakeFiles/CMakeTmp/CheckSymbolExists.c: In function ‘main’:
/home/lucie/fit/izg/izgProject/build/CMakeFiles/CMakeTmp/CheckSymbolExists.c:14:19: error: ‘_strrev’ undeclared (first use in this function)
   14 |   return ((int*)(&_strrev))[argc];
      |                   ^~~~~~~
/home/lucie/fit/izg/izgProject/build/CMakeFiles/CMakeTmp/CheckSymbolExists.c:14:19: note: each undeclared identifier is reported only once for each function it appears in
make[1]: *** [CMakeFiles/cmTC_ae0ca.dir/build.make:78: CMakeFiles/cmTC_ae0ca.dir/CheckSymbolExists.c.o] Error 1
make[1]: Leaving directory '/home/lucie/fit/izg/izgProject/build/CMakeFiles/CMakeTmp'
make: *** [Makefile:127: cmTC_ae0ca/fast] Error 2


File /home/lucie/fit/izg/izgProject/build/CMakeFiles/CMakeTmp/CheckSymbolExists.c:
/* */
#include <stddef.h>
#include <stdarg.h>
#include <stdlib.h>
#include <string.h>
#include <stdio.h>
#include <wchar.h>
#include <float.h>

int main(int argc, char** argv)
{
  (void)argv;
#ifndef _strrev
  return ((int*)(&_strrev))[argc];
#else
  (void)argc;
  return 0;
#endif
}
Determining if the _strupr exist failed with the following output:
Change Dir: /home/lucie/fit/izg/izgProject/build/CMakeFiles/CMakeTmp

Run Build Command(s):/usr/bin/make -f Makefile cmTC_8d00b/fast && /usr/bin/make  -f CMakeFiles/cmTC_8d00b.dir/build.make CMakeFiles/cmTC_8d00b.dir/build
make[1]: Entering directory '/home/lucie/fit/izg/izgProject/build/CMakeFiles/CMakeTmp'
Building C object CMakeFiles/cmTC_8d00b.dir/CheckSymbolExists.c.o
/usr/bin/cc   -g -O3 -idirafter "/home/lucie/fit/izg/izgProject/libs/SDL2-2.0.14/src/video/khronos"  -o CMakeFiles/cmTC_8d00b.dir/CheckSymbolExists.c.o -c /home/lucie/fit/izg/izgProject/build/CMakeFiles/CMakeTmp/CheckSymbolExists.c
/home/lucie/fit/izg/izgProject/build/CMakeFiles/CMakeTmp/CheckSymbolExists.c: In function ‘main’:
/home/lucie/fit/izg/izgProject/build/CMakeFiles/CMakeTmp/CheckSymbolExists.c:14:19: error: ‘_strupr’ undeclared (first use in this function)
   14 |   return ((int*)(&_strupr))[argc];
      |                   ^~~~~~~
/home/lucie/fit/izg/izgProject/build/CMakeFiles/CMakeTmp/CheckSymbolExists.c:14:19: note: each undeclared identifier is reported only once for each function it appears in
make[1]: *** [CMakeFiles/cmTC_8d00b.dir/build.make:78: CMakeFiles/cmTC_8d00b.dir/CheckSymbolExists.c.o] Error 1
make[1]: Leaving directory '/home/lucie/fit/izg/izgProject/build/CMakeFiles/CMakeTmp'
make: *** [Makefile:127: cmTC_8d00b/fast] Error 2


File /home/lucie/fit/izg/izgProject/build/CMakeFiles/CMakeTmp/CheckSymbolExists.c:
/* */
#include <stddef.h>
#include <stdarg.h>
#include <stdlib.h>
#include <string.h>
#include <stdio.h>
#include <wchar.h>
#include <float.h>

int main(int argc, char** argv)
{
  (void)argv;
#ifndef _strupr
  return ((int*)(&_strupr))[argc];
#else
  (void)argc;
  return 0;
#endif
}
Determining if the _strlwr exist failed with the following output:
Change Dir: /home/lucie/fit/izg/izgProject/build/CMakeFiles/CMakeTmp

Run Build Command(s):/usr/bin/make -f Makefile cmTC_9fb30/fast && /usr/bin/make  -f CMakeFiles/cmTC_9fb30.dir/build.make CMakeFiles/cmTC_9fb30.dir/build
make[1]: Entering directory '/home/lucie/fit/izg/izgProject/build/CMakeFiles/CMakeTmp'
Building C object CMakeFiles/cmTC_9fb30.dir/CheckSymbolExists.c.o
/usr/bin/cc   -g -O3 -idirafter "/home/lucie/fit/izg/izgProject/libs/SDL2-2.0.14/src/video/khronos"  -o CMakeFiles/cmTC_9fb30.dir/CheckSymbolExists.c.o -c /home/lucie/fit/izg/izgProject/build/CMakeFiles/CMakeTmp/CheckSymbolExists.c
/home/lucie/fit/izg/izgProject/build/CMakeFiles/CMakeTmp/CheckSymbolExists.c: In function ‘main’:
/home/lucie/fit/izg/izgProject/build/CMakeFiles/CMakeTmp/CheckSymbolExists.c:14:19: error: ‘_strlwr’ undeclared (first use in this function)
   14 |   return ((int*)(&_strlwr))[argc];
      |                   ^~~~~~~
/home/lucie/fit/izg/izgProject/build/CMakeFiles/CMakeTmp/CheckSymbolExists.c:14:19: note: each undeclared identifier is reported only once for each function it appears in
make[1]: *** [CMakeFiles/cmTC_9fb30.dir/build.make:78: CMakeFiles/cmTC_9fb30.dir/CheckSymbolExists.c.o] Error 1
make[1]: Leaving directory '/home/lucie/fit/izg/izgProject/build/CMakeFiles/CMakeTmp'
make: *** [Makefile:127: cmTC_9fb30/fast] Error 2


File /home/lucie/fit/izg/izgProject/build/CMakeFiles/CMakeTmp/CheckSymbolExists.c:
/* */
#include <stddef.h>
#include <stdarg.h>
#include <stdlib.h>
#include <string.h>
#include <stdio.h>
#include <wchar.h>
#include <float.h>

int main(int argc, char** argv)
{
  (void)argv;
#ifndef _strlwr
  return ((int*)(&_strlwr))[argc];
#else
  (void)argc;
  return 0;
#endif
}
Determining if the itoa exist failed with the following output:
Change Dir: /home/lucie/fit/izg/izgProject/build/CMakeFiles/CMakeTmp

Run Build Command(s):/usr/bin/make -f Makefile cmTC_72d99/fast && /usr/bin/make  -f CMakeFiles/cmTC_72d99.dir/build.make CMakeFiles/cmTC_72d99.dir/build
make[1]: Entering directory '/home/lucie/fit/izg/izgProject/build/CMakeFiles/CMakeTmp'
Building C object CMakeFiles/cmTC_72d99.dir/CheckSymbolExists.c.o
/usr/bin/cc   -g -O3 -idirafter "/home/lucie/fit/izg/izgProject/libs/SDL2-2.0.14/src/video/khronos"  -o CMakeFiles/cmTC_72d99.dir/CheckSymbolExists.c.o -c /home/lucie/fit/izg/izgProject/build/CMakeFiles/CMakeTmp/CheckSymbolExists.c
/home/lucie/fit/izg/izgProject/build/CMakeFiles/CMakeTmp/CheckSymbolExists.c: In function ‘main’:
/home/lucie/fit/izg/izgProject/build/CMakeFiles/CMakeTmp/CheckSymbolExists.c:14:19: error: ‘itoa’ undeclared (first use in this function)
   14 |   return ((int*)(&itoa))[argc];
      |                   ^~~~
/home/lucie/fit/izg/izgProject/build/CMakeFiles/CMakeTmp/CheckSymbolExists.c:14:19: note: each undeclared identifier is reported only once for each function it appears in
make[1]: *** [CMakeFiles/cmTC_72d99.dir/build.make:78: CMakeFiles/cmTC_72d99.dir/CheckSymbolExists.c.o] Error 1
make[1]: Leaving directory '/home/lucie/fit/izg/izgProject/build/CMakeFiles/CMakeTmp'
make: *** [Makefile:127: cmTC_72d99/fast] Error 2


File /home/lucie/fit/izg/izgProject/build/CMakeFiles/CMakeTmp/CheckSymbolExists.c:
/* */
#include <stddef.h>
#include <stdarg.h>
#include <stdlib.h>
#include <string.h>
#include <stdio.h>
#include <wchar.h>
#include <float.h>

int main(int argc, char** argv)
{
  (void)argv;
#ifndef itoa
  return ((int*)(&itoa))[argc];
#else
  (void)argc;
  return 0;
#endif
}
Determining if the _ltoa exist failed with the following output:
Change Dir: /home/lucie/fit/izg/izgProject/build/CMakeFiles/CMakeTmp

Run Build Command(s):/usr/bin/make -f Makefile cmTC_7f242/fast && /usr/bin/make  -f CMakeFiles/cmTC_7f242.dir/build.make CMakeFiles/cmTC_7f242.dir/build
make[1]: Entering directory '/home/lucie/fit/izg/izgProject/build/CMakeFiles/CMakeTmp'
Building C object CMakeFiles/cmTC_7f242.dir/CheckSymbolExists.c.o
/usr/bin/cc   -g -O3 -idirafter "/home/lucie/fit/izg/izgProject/libs/SDL2-2.0.14/src/video/khronos"  -o CMakeFiles/cmTC_7f242.dir/CheckSymbolExists.c.o -c /home/lucie/fit/izg/izgProject/build/CMakeFiles/CMakeTmp/CheckSymbolExists.c
/home/lucie/fit/izg/izgProject/build/CMakeFiles/CMakeTmp/CheckSymbolExists.c: In function ‘main’:
/home/lucie/fit/izg/izgProject/build/CMakeFiles/CMakeTmp/CheckSymbolExists.c:14:19: error: ‘_ltoa’ undeclared (first use in this function)
   14 |   return ((int*)(&_ltoa))[argc];
      |                   ^~~~~
/home/lucie/fit/izg/izgProject/build/CMakeFiles/CMakeTmp/CheckSymbolExists.c:14:19: note: each undeclared identifier is reported only once for each function it appears in
make[1]: *** [CMakeFiles/cmTC_7f242.dir/build.make:78: CMakeFiles/cmTC_7f242.dir/CheckSymbolExists.c.o] Error 1
make[1]: Leaving directory '/home/lucie/fit/izg/izgProject/build/CMakeFiles/CMakeTmp'
make: *** [Makefile:127: cmTC_7f242/fast] Error 2


File /home/lucie/fit/izg/izgProject/build/CMakeFiles/CMakeTmp/CheckSymbolExists.c:
/* */
#include <stddef.h>
#include <stdarg.h>
#include <stdlib.h>
#include <string.h>
#include <stdio.h>
#include <wchar.h>
#include <float.h>

int main(int argc, char** argv)
{
  (void)argv;
#ifndef _ltoa
  return ((int*)(&_ltoa))[argc];
#else
  (void)argc;
  return 0;
#endif
}
Determining if the _uitoa exist failed with the following output:
Change Dir: /home/lucie/fit/izg/izgProject/build/CMakeFiles/CMakeTmp

Run Build Command(s):/usr/bin/make -f Makefile cmTC_e7913/fast && /usr/bin/make  -f CMakeFiles/cmTC_e7913.dir/build.make CMakeFiles/cmTC_e7913.dir/build
make[1]: Entering directory '/home/lucie/fit/izg/izgProject/build/CMakeFiles/CMakeTmp'
Building C object CMakeFiles/cmTC_e7913.dir/CheckSymbolExists.c.o
/usr/bin/cc   -g -O3 -idirafter "/home/lucie/fit/izg/izgProject/libs/SDL2-2.0.14/src/video/khronos"  -o CMakeFiles/cmTC_e7913.dir/CheckSymbolExists.c.o -c /home/lucie/fit/izg/izgProject/build/CMakeFiles/CMakeTmp/CheckSymbolExists.c
/home/lucie/fit/izg/izgProject/build/CMakeFiles/CMakeTmp/CheckSymbolExists.c: In function ‘main’:
/home/lucie/fit/izg/izgProject/build/CMakeFiles/CMakeTmp/CheckSymbolExists.c:14:19: error: ‘_uitoa’ undeclared (first use in this function)
   14 |   return ((int*)(&_uitoa))[argc];
      |                   ^~~~~~
/home/lucie/fit/izg/izgProject/build/CMakeFiles/CMakeTmp/CheckSymbolExists.c:14:19: note: each undeclared identifier is reported only once for each function it appears in
make[1]: *** [CMakeFiles/cmTC_e7913.dir/build.make:78: CMakeFiles/cmTC_e7913.dir/CheckSymbolExists.c.o] Error 1
make[1]: Leaving directory '/home/lucie/fit/izg/izgProject/build/CMakeFiles/CMakeTmp'
make: *** [Makefile:127: cmTC_e7913/fast] Error 2


File /home/lucie/fit/izg/izgProject/build/CMakeFiles/CMakeTmp/CheckSymbolExists.c:
/* */
#include <stddef.h>
#include <stdarg.h>
#include <stdlib.h>
#include <string.h>
#include <stdio.h>
#include <wchar.h>
#include <float.h>

int main(int argc, char** argv)
{
  (void)argv;
#ifndef _uitoa
  return ((int*)(&_uitoa))[argc];
#else
  (void)argc;
  return 0;
#endif
}
Determining if the _ultoa exist failed with the following output:
Change Dir: /home/lucie/fit/izg/izgProject/build/CMakeFiles/CMakeTmp

Run Build Command(s):/usr/bin/make -f Makefile cmTC_677fe/fast && /usr/bin/make  -f CMakeFiles/cmTC_677fe.dir/build.make CMakeFiles/cmTC_677fe.dir/build
make[1]: Entering directory '/home/lucie/fit/izg/izgProject/build/CMakeFiles/CMakeTmp'
Building C object CMakeFiles/cmTC_677fe.dir/CheckSymbolExists.c.o
/usr/bin/cc   -g -O3 -idirafter "/home/lucie/fit/izg/izgProject/libs/SDL2-2.0.14/src/video/khronos"  -o CMakeFiles/cmTC_677fe.dir/CheckSymbolExists.c.o -c /home/lucie/fit/izg/izgProject/build/CMakeFiles/CMakeTmp/CheckSymbolExists.c
/home/lucie/fit/izg/izgProject/build/CMakeFiles/CMakeTmp/CheckSymbolExists.c: In function ‘main’:
/home/lucie/fit/izg/izgProject/build/CMakeFiles/CMakeTmp/CheckSymbolExists.c:14:19: error: ‘_ultoa’ undeclared (first use in this function)
   14 |   return ((int*)(&_ultoa))[argc];
      |                   ^~~~~~
/home/lucie/fit/izg/izgProject/build/CMakeFiles/CMakeTmp/CheckSymbolExists.c:14:19: note: each undeclared identifier is reported only once for each function it appears in
make[1]: *** [CMakeFiles/cmTC_677fe.dir/build.make:78: CMakeFiles/cmTC_677fe.dir/CheckSymbolExists.c.o] Error 1
make[1]: Leaving directory '/home/lucie/fit/izg/izgProject/build/CMakeFiles/CMakeTmp'
make: *** [Makefile:127: cmTC_677fe/fast] Error 2


File /home/lucie/fit/izg/izgProject/build/CMakeFiles/CMakeTmp/CheckSymbolExists.c:
/* */
#include <stddef.h>
#include <stdarg.h>
#include <stdlib.h>
#include <string.h>
#include <stdio.h>
#include <wchar.h>
#include <float.h>

int main(int argc, char** argv)
{
  (void)argv;
#ifndef _ultoa
  return ((int*)(&_ultoa))[argc];
#else
  (void)argc;
  return 0;
#endif
}
Determining if the _i64toa exist failed with the following output:
Change Dir: /home/lucie/fit/izg/izgProject/build/CMakeFiles/CMakeTmp

Run Build Command(s):/usr/bin/make -f Makefile cmTC_b00c0/fast && /usr/bin/make  -f CMakeFiles/cmTC_b00c0.dir/build.make CMakeFiles/cmTC_b00c0.dir/build
make[1]: Entering directory '/home/lucie/fit/izg/izgProject/build/CMakeFiles/CMakeTmp'
Building C object CMakeFiles/cmTC_b00c0.dir/CheckSymbolExists.c.o
/usr/bin/cc   -g -O3 -idirafter "/home/lucie/fit/izg/izgProject/libs/SDL2-2.0.14/src/video/khronos"  -o CMakeFiles/cmTC_b00c0.dir/CheckSymbolExists.c.o -c /home/lucie/fit/izg/izgProject/build/CMakeFiles/CMakeTmp/CheckSymbolExists.c
/home/lucie/fit/izg/izgProject/build/CMakeFiles/CMakeTmp/CheckSymbolExists.c: In function ‘main’:
/home/lucie/fit/izg/izgProject/build/CMakeFiles/CMakeTmp/CheckSymbolExists.c:14:19: error: ‘_i64toa’ undeclared (first use in this function)
   14 |   return ((int*)(&_i64toa))[argc];
      |                   ^~~~~~~
/home/lucie/fit/izg/izgProject/build/CMakeFiles/CMakeTmp/CheckSymbolExists.c:14:19: note: each undeclared identifier is reported only once for each function it appears in
make[1]: *** [CMakeFiles/cmTC_b00c0.dir/build.make:78: CMakeFiles/cmTC_b00c0.dir/CheckSymbolExists.c.o] Error 1
make[1]: Leaving directory '/home/lucie/fit/izg/izgProject/build/CMakeFiles/CMakeTmp'
make: *** [Makefile:127: cmTC_b00c0/fast] Error 2


File /home/lucie/fit/izg/izgProject/build/CMakeFiles/CMakeTmp/CheckSymbolExists.c:
/* */
#include <stddef.h>
#include <stdarg.h>
#include <stdlib.h>
#include <string.h>
#include <stdio.h>
#include <wchar.h>
#include <float.h>

int main(int argc, char** argv)
{
  (void)argv;
#ifndef _i64toa
  return ((int*)(&_i64toa))[argc];
#else
  (void)argc;
  return 0;
#endif
}
Determining if the _ui64toa exist failed with the following output:
Change Dir: /home/lucie/fit/izg/izgProject/build/CMakeFiles/CMakeTmp

Run Build Command(s):/usr/bin/make -f Makefile cmTC_d0fd5/fast && /usr/bin/make  -f CMakeFiles/cmTC_d0fd5.dir/build.make CMakeFiles/cmTC_d0fd5.dir/build
make[1]: Entering directory '/home/lucie/fit/izg/izgProject/build/CMakeFiles/CMakeTmp'
Building C object CMakeFiles/cmTC_d0fd5.dir/CheckSymbolExists.c.o
/usr/bin/cc   -g -O3 -idirafter "/home/lucie/fit/izg/izgProject/libs/SDL2-2.0.14/src/video/khronos"  -o CMakeFiles/cmTC_d0fd5.dir/CheckSymbolExists.c.o -c /home/lucie/fit/izg/izgProject/build/CMakeFiles/CMakeTmp/CheckSymbolExists.c
/home/lucie/fit/izg/izgProject/build/CMakeFiles/CMakeTmp/CheckSymbolExists.c: In function ‘main’:
/home/lucie/fit/izg/izgProject/build/CMakeFiles/CMakeTmp/CheckSymbolExists.c:14:19: error: ‘_ui64toa’ undeclared (first use in this function)
   14 |   return ((int*)(&_ui64toa))[argc];
      |                   ^~~~~~~~
/home/lucie/fit/izg/izgProject/build/CMakeFiles/CMakeTmp/CheckSymbolExists.c:14:19: note: each undeclared identifier is reported only once for each function it appears in
make[1]: *** [CMakeFiles/cmTC_d0fd5.dir/build.make:78: CMakeFiles/cmTC_d0fd5.dir/CheckSymbolExists.c.o] Error 1
make[1]: Leaving directory '/home/lucie/fit/izg/izgProject/build/CMakeFiles/CMakeTmp'
make: *** [Makefile:127: cmTC_d0fd5/fast] Error 2


File /home/lucie/fit/izg/izgProject/build/CMakeFiles/CMakeTmp/CheckSymbolExists.c:
/* */
#include <stddef.h>
#include <stdarg.h>
#include <stdlib.h>
#include <string.h>
#include <stdio.h>
#include <wchar.h>
#include <float.h>

int main(int argc, char** argv)
{
  (void)argv;
#ifndef _ui64toa
  return ((int*)(&_ui64toa))[argc];
#else
  (void)argc;
  return 0;
#endif
}
Determining if the _stricmp exist failed with the following output:
Change Dir: /home/lucie/fit/izg/izgProject/build/CMakeFiles/CMakeTmp

Run Build Command(s):/usr/bin/make -f Makefile cmTC_c2156/fast && /usr/bin/make  -f CMakeFiles/cmTC_c2156.dir/build.make CMakeFiles/cmTC_c2156.dir/build
make[1]: Entering directory '/home/lucie/fit/izg/izgProject/build/CMakeFiles/CMakeTmp'
Building C object CMakeFiles/cmTC_c2156.dir/CheckSymbolExists.c.o
/usr/bin/cc   -g -O3 -idirafter "/home/lucie/fit/izg/izgProject/libs/SDL2-2.0.14/src/video/khronos"  -o CMakeFiles/cmTC_c2156.dir/CheckSymbolExists.c.o -c /home/lucie/fit/izg/izgProject/build/CMakeFiles/CMakeTmp/CheckSymbolExists.c
/home/lucie/fit/izg/izgProject/build/CMakeFiles/CMakeTmp/CheckSymbolExists.c: In function ‘main’:
/home/lucie/fit/izg/izgProject/build/CMakeFiles/CMakeTmp/CheckSymbolExists.c:14:19: error: ‘_stricmp’ undeclared (first use in this function); did you mean ‘strncmp’?
   14 |   return ((int*)(&_stricmp))[argc];
      |                   ^~~~~~~~
      |                   strncmp
/home/lucie/fit/izg/izgProject/build/CMakeFiles/CMakeTmp/CheckSymbolExists.c:14:19: note: each undeclared identifier is reported only once for each function it appears in
make[1]: *** [CMakeFiles/cmTC_c2156.dir/build.make:78: CMakeFiles/cmTC_c2156.dir/CheckSymbolExists.c.o] Error 1
make[1]: Leaving directory '/home/lucie/fit/izg/izgProject/build/CMakeFiles/CMakeTmp'
make: *** [Makefile:127: cmTC_c2156/fast] Error 2


File /home/lucie/fit/izg/izgProject/build/CMakeFiles/CMakeTmp/CheckSymbolExists.c:
/* */
#include <stddef.h>
#include <stdarg.h>
#include <stdlib.h>
#include <string.h>
#include <stdio.h>
#include <wchar.h>
#include <float.h>

int main(int argc, char** argv)
{
  (void)argv;
#ifndef _stricmp
  return ((int*)(&_stricmp))[argc];
#else
  (void)argc;
  return 0;
#endif
}
Determining if the _strnicmp exist failed with the following output:
Change Dir: /home/lucie/fit/izg/izgProject/build/CMakeFiles/CMakeTmp

Run Build Command(s):/usr/bin/make -f Makefile cmTC_7b424/fast && /usr/bin/make  -f CMakeFiles/cmTC_7b424.dir/build.make CMakeFiles/cmTC_7b424.dir/build
make[1]: Entering directory '/home/lucie/fit/izg/izgProject/build/CMakeFiles/CMakeTmp'
Building C object CMakeFiles/cmTC_7b424.dir/CheckSymbolExists.c.o
/usr/bin/cc   -g -O3 -idirafter "/home/lucie/fit/izg/izgProject/libs/SDL2-2.0.14/src/video/khronos"  -o CMakeFiles/cmTC_7b424.dir/CheckSymbolExists.c.o -c /home/lucie/fit/izg/izgProject/build/CMakeFiles/CMakeTmp/CheckSymbolExists.c
/home/lucie/fit/izg/izgProject/build/CMakeFiles/CMakeTmp/CheckSymbolExists.c: In function ‘main’:
/home/lucie/fit/izg/izgProject/build/CMakeFiles/CMakeTmp/CheckSymbolExists.c:14:19: error: ‘_strnicmp’ undeclared (first use in this function); did you mean ‘strncmp’?
   14 |   return ((int*)(&_strnicmp))[argc];
      |                   ^~~~~~~~~
      |                   strncmp
/home/lucie/fit/izg/izgProject/build/CMakeFiles/CMakeTmp/CheckSymbolExists.c:14:19: note: each undeclared identifier is reported only once for each function it appears in
make[1]: *** [CMakeFiles/cmTC_7b424.dir/build.make:78: CMakeFiles/cmTC_7b424.dir/CheckSymbolExists.c.o] Error 1
make[1]: Leaving directory '/home/lucie/fit/izg/izgProject/build/CMakeFiles/CMakeTmp'
make: *** [Makefile:127: cmTC_7b424/fast] Error 2


File /home/lucie/fit/izg/izgProject/build/CMakeFiles/CMakeTmp/CheckSymbolExists.c:
/* */
#include <stddef.h>
#include <stdarg.h>
#include <stdlib.h>
#include <string.h>
#include <stdio.h>
#include <wchar.h>
#include <float.h>

int main(int argc, char** argv)
{
  (void)argv;
#ifndef _strnicmp
  return ((int*)(&_strnicmp))[argc];
#else
  (void)argc;
  return 0;
#endif
}
Determining if the wcslcat exist failed with the following output:
Change Dir: /home/lucie/fit/izg/izgProject/build/CMakeFiles/CMakeTmp

Run Build Command(s):/usr/bin/make -f Makefile cmTC_3423f/fast && /usr/bin/make  -f CMakeFiles/cmTC_3423f.dir/build.make CMakeFiles/cmTC_3423f.dir/build
make[1]: Entering directory '/home/lucie/fit/izg/izgProject/build/CMakeFiles/CMakeTmp'
Building C object CMakeFiles/cmTC_3423f.dir/CheckSymbolExists.c.o
/usr/bin/cc   -g -O3 -idirafter "/home/lucie/fit/izg/izgProject/libs/SDL2-2.0.14/src/video/khronos"  -o CMakeFiles/cmTC_3423f.dir/CheckSymbolExists.c.o -c /home/lucie/fit/izg/izgProject/build/CMakeFiles/CMakeTmp/CheckSymbolExists.c
/home/lucie/fit/izg/izgProject/build/CMakeFiles/CMakeTmp/CheckSymbolExists.c: In function ‘main’:
/home/lucie/fit/izg/izgProject/build/CMakeFiles/CMakeTmp/CheckSymbolExists.c:14:19: error: ‘wcslcat’ undeclared (first use in this function); did you mean ‘wcsncat’?
   14 |   return ((int*)(&wcslcat))[argc];
      |                   ^~~~~~~
      |                   wcsncat
/home/lucie/fit/izg/izgProject/build/CMakeFiles/CMakeTmp/CheckSymbolExists.c:14:19: note: each undeclared identifier is reported only once for each function it appears in
make[1]: *** [CMakeFiles/cmTC_3423f.dir/build.make:78: CMakeFiles/cmTC_3423f.dir/CheckSymbolExists.c.o] Error 1
make[1]: Leaving directory '/home/lucie/fit/izg/izgProject/build/CMakeFiles/CMakeTmp'
make: *** [Makefile:127: cmTC_3423f/fast] Error 2


File /home/lucie/fit/izg/izgProject/build/CMakeFiles/CMakeTmp/CheckSymbolExists.c:
/* */
#include <stddef.h>
#include <stdarg.h>
#include <stdlib.h>
#include <string.h>
#include <stdio.h>
#include <wchar.h>
#include <float.h>

int main(int argc, char** argv)
{
  (void)argv;
#ifndef wcslcat
  return ((int*)(&wcslcat))[argc];
#else
  (void)argc;
  return 0;
#endif
}
Determining if the wcslcpy exist failed with the following output:
Change Dir: /home/lucie/fit/izg/izgProject/build/CMakeFiles/CMakeTmp

Run Build Command(s):/usr/bin/make -f Makefile cmTC_24456/fast && /usr/bin/make  -f CMakeFiles/cmTC_24456.dir/build.make CMakeFiles/cmTC_24456.dir/build
make[1]: Entering directory '/home/lucie/fit/izg/izgProject/build/CMakeFiles/CMakeTmp'
Building C object CMakeFiles/cmTC_24456.dir/CheckSymbolExists.c.o
/usr/bin/cc   -g -O3 -idirafter "/home/lucie/fit/izg/izgProject/libs/SDL2-2.0.14/src/video/khronos"  -o CMakeFiles/cmTC_24456.dir/CheckSymbolExists.c.o -c /home/lucie/fit/izg/izgProject/build/CMakeFiles/CMakeTmp/CheckSymbolExists.c
/home/lucie/fit/izg/izgProject/build/CMakeFiles/CMakeTmp/CheckSymbolExists.c: In function ‘main’:
/home/lucie/fit/izg/izgProject/build/CMakeFiles/CMakeTmp/CheckSymbolExists.c:14:19: error: ‘wcslcpy’ undeclared (first use in this function); did you mean ‘wcsncpy’?
   14 |   return ((int*)(&wcslcpy))[argc];
      |                   ^~~~~~~
      |                   wcsncpy
/home/lucie/fit/izg/izgProject/build/CMakeFiles/CMakeTmp/CheckSymbolExists.c:14:19: note: each undeclared identifier is reported only once for each function it appears in
make[1]: *** [CMakeFiles/cmTC_24456.dir/build.make:78: CMakeFiles/cmTC_24456.dir/CheckSymbolExists.c.o] Error 1
make[1]: Leaving directory '/home/lucie/fit/izg/izgProject/build/CMakeFiles/CMakeTmp'
make: *** [Makefile:127: cmTC_24456/fast] Error 2


File /home/lucie/fit/izg/izgProject/build/CMakeFiles/CMakeTmp/CheckSymbolExists.c:
/* */
#include <stddef.h>
#include <stdarg.h>
#include <stdlib.h>
#include <string.h>
#include <stdio.h>
#include <wchar.h>
#include <float.h>

int main(int argc, char** argv)
{
  (void)argv;
#ifndef wcslcpy
  return ((int*)(&wcslcpy))[argc];
#else
  (void)argc;
  return 0;
#endif
}
Determining if the _wcsicmp exist failed with the following output:
Change Dir: /home/lucie/fit/izg/izgProject/build/CMakeFiles/CMakeTmp

Run Build Command(s):/usr/bin/make -f Makefile cmTC_db833/fast && /usr/bin/make  -f CMakeFiles/cmTC_db833.dir/build.make CMakeFiles/cmTC_db833.dir/build
make[1]: Entering directory '/home/lucie/fit/izg/izgProject/build/CMakeFiles/CMakeTmp'
Building C object CMakeFiles/cmTC_db833.dir/CheckSymbolExists.c.o
/usr/bin/cc   -g -O3 -idirafter "/home/lucie/fit/izg/izgProject/libs/SDL2-2.0.14/src/video/khronos"  -o CMakeFiles/cmTC_db833.dir/CheckSymbolExists.c.o -c /home/lucie/fit/izg/izgProject/build/CMakeFiles/CMakeTmp/CheckSymbolExists.c
/home/lucie/fit/izg/izgProject/build/CMakeFiles/CMakeTmp/CheckSymbolExists.c: In function ‘main’:
/home/lucie/fit/izg/izgProject/build/CMakeFiles/CMakeTmp/CheckSymbolExists.c:14:19: error: ‘_wcsicmp’ undeclared (first use in this function); did you mean ‘wcsncmp’?
   14 |   return ((int*)(&_wcsicmp))[argc];
      |                   ^~~~~~~~
      |                   wcsncmp
/home/lucie/fit/izg/izgProject/build/CMakeFiles/CMakeTmp/CheckSymbolExists.c:14:19: note: each undeclared identifier is reported only once for each function it appears in
make[1]: *** [CMakeFiles/cmTC_db833.dir/build.make:78: CMakeFiles/cmTC_db833.dir/CheckSymbolExists.c.o] Error 1
make[1]: Leaving directory '/home/lucie/fit/izg/izgProject/build/CMakeFiles/CMakeTmp'
make: *** [Makefile:127: cmTC_db833/fast] Error 2


File /home/lucie/fit/izg/izgProject/build/CMakeFiles/CMakeTmp/CheckSymbolExists.c:
/* */
#include <stddef.h>
#include <stdarg.h>
#include <stdlib.h>
#include <string.h>
#include <stdio.h>
#include <wchar.h>
#include <float.h>

int main(int argc, char** argv)
{
  (void)argv;
#ifndef _wcsicmp
  return ((int*)(&_wcsicmp))[argc];
#else
  (void)argc;
  return 0;
#endif
}
Determining if the _wcsnicmp exist failed with the following output:
Change Dir: /home/lucie/fit/izg/izgProject/build/CMakeFiles/CMakeTmp

Run Build Command(s):/usr/bin/make -f Makefile cmTC_19e0b/fast && /usr/bin/make  -f CMakeFiles/cmTC_19e0b.dir/build.make CMakeFiles/cmTC_19e0b.dir/build
make[1]: Entering directory '/home/lucie/fit/izg/izgProject/build/CMakeFiles/CMakeTmp'
Building C object CMakeFiles/cmTC_19e0b.dir/CheckSymbolExists.c.o
/usr/bin/cc   -g -O3 -idirafter "/home/lucie/fit/izg/izgProject/libs/SDL2-2.0.14/src/video/khronos"  -o CMakeFiles/cmTC_19e0b.dir/CheckSymbolExists.c.o -c /home/lucie/fit/izg/izgProject/build/CMakeFiles/CMakeTmp/CheckSymbolExists.c
/home/lucie/fit/izg/izgProject/build/CMakeFiles/CMakeTmp/CheckSymbolExists.c: In function ‘main’:
/home/lucie/fit/izg/izgProject/build/CMakeFiles/CMakeTmp/CheckSymbolExists.c:14:19: error: ‘_wcsnicmp’ undeclared (first use in this function); did you mean ‘wcsncmp’?
   14 |   return ((int*)(&_wcsnicmp))[argc];
      |                   ^~~~~~~~~
      |                   wcsncmp
/home/lucie/fit/izg/izgProject/build/CMakeFiles/CMakeTmp/CheckSymbolExists.c:14:19: note: each undeclared identifier is reported only once for each function it appears in
make[1]: *** [CMakeFiles/cmTC_19e0b.dir/build.make:78: CMakeFiles/cmTC_19e0b.dir/CheckSymbolExists.c.o] Error 1
make[1]: Leaving directory '/home/lucie/fit/izg/izgProject/build/CMakeFiles/CMakeTmp'
make: *** [Makefile:127: cmTC_19e0b/fast] Error 2


File /home/lucie/fit/izg/izgProject/build/CMakeFiles/CMakeTmp/CheckSymbolExists.c:
/* */
#include <stddef.h>
#include <stdarg.h>
#include <stdlib.h>
#include <string.h>
#include <stdio.h>
#include <wchar.h>
#include <float.h>

int main(int argc, char** argv)
{
  (void)argv;
#ifndef _wcsnicmp
  return ((int*)(&_wcsnicmp))[argc];
#else
  (void)argc;
  return 0;
#endif
}
Determining if the fopen64 exist failed with the following output:
Change Dir: /home/lucie/fit/izg/izgProject/build/CMakeFiles/CMakeTmp

Run Build Command(s):/usr/bin/make -f Makefile cmTC_77734/fast && /usr/bin/make  -f CMakeFiles/cmTC_77734.dir/build.make CMakeFiles/cmTC_77734.dir/build
make[1]: Entering directory '/home/lucie/fit/izg/izgProject/build/CMakeFiles/CMakeTmp'
Building C object CMakeFiles/cmTC_77734.dir/CheckSymbolExists.c.o
/usr/bin/cc   -g -O3 -idirafter "/home/lucie/fit/izg/izgProject/libs/SDL2-2.0.14/src/video/khronos"  -o CMakeFiles/cmTC_77734.dir/CheckSymbolExists.c.o -c /home/lucie/fit/izg/izgProject/build/CMakeFiles/CMakeTmp/CheckSymbolExists.c
/home/lucie/fit/izg/izgProject/build/CMakeFiles/CMakeTmp/CheckSymbolExists.c: In function ‘main’:
/home/lucie/fit/izg/izgProject/build/CMakeFiles/CMakeTmp/CheckSymbolExists.c:14:19: error: ‘fopen64’ undeclared (first use in this function); did you mean ‘fopen’?
   14 |   return ((int*)(&fopen64))[argc];
      |                   ^~~~~~~
      |                   fopen
/home/lucie/fit/izg/izgProject/build/CMakeFiles/CMakeTmp/CheckSymbolExists.c:14:19: note: each undeclared identifier is reported only once for each function it appears in
make[1]: *** [CMakeFiles/cmTC_77734.dir/build.make:78: CMakeFiles/cmTC_77734.dir/CheckSymbolExists.c.o] Error 1
make[1]: Leaving directory '/home/lucie/fit/izg/izgProject/build/CMakeFiles/CMakeTmp'
make: *** [Makefile:127: cmTC_77734/fast] Error 2


File /home/lucie/fit/izg/izgProject/build/CMakeFiles/CMakeTmp/CheckSymbolExists.c:
/* */
#include <stddef.h>
#include <stdarg.h>
#include <stdlib.h>
#include <string.h>
#include <stdio.h>
#include <wchar.h>
#include <float.h>

int main(int argc, char** argv)
{
  (void)argv;
#ifndef fopen64
  return ((int*)(&fopen64))[argc];
#else
  (void)argc;
  return 0;
#endif
}
Determining if the fseeko64 exist failed with the following output:
Change Dir: /home/lucie/fit/izg/izgProject/build/CMakeFiles/CMakeTmp

Run Build Command(s):/usr/bin/make -f Makefile cmTC_745ec/fast && /usr/bin/make  -f CMakeFiles/cmTC_745ec.dir/build.make CMakeFiles/cmTC_745ec.dir/build
make[1]: Entering directory '/home/lucie/fit/izg/izgProject/build/CMakeFiles/CMakeTmp'
Building C object CMakeFiles/cmTC_745ec.dir/CheckSymbolExists.c.o
/usr/bin/cc   -g -O3 -idirafter "/home/lucie/fit/izg/izgProject/libs/SDL2-2.0.14/src/video/khronos"  -o CMakeFiles/cmTC_745ec.dir/CheckSymbolExists.c.o -c /home/lucie/fit/izg/izgProject/build/CMakeFiles/CMakeTmp/CheckSymbolExists.c
/home/lucie/fit/izg/izgProject/build/CMakeFiles/CMakeTmp/CheckSymbolExists.c: In function ‘main’:
/home/lucie/fit/izg/izgProject/build/CMakeFiles/CMakeTmp/CheckSymbolExists.c:14:19: error: ‘fseeko64’ undeclared (first use in this function); did you mean ‘fseeko’?
   14 |   return ((int*)(&fseeko64))[argc];
      |                   ^~~~~~~~
      |                   fseeko
/home/lucie/fit/izg/izgProject/build/CMakeFiles/CMakeTmp/CheckSymbolExists.c:14:19: note: each undeclared identifier is reported only once for each function it appears in
make[1]: *** [CMakeFiles/cmTC_745ec.dir/build.make:78: CMakeFiles/cmTC_745ec.dir/CheckSymbolExists.c.o] Error 1
make[1]: Leaving directory '/home/lucie/fit/izg/izgProject/build/CMakeFiles/CMakeTmp'
make: *** [Makefile:127: cmTC_745ec/fast] Error 2


File /home/lucie/fit/izg/izgProject/build/CMakeFiles/CMakeTmp/CheckSymbolExists.c:
/* */
#include <stddef.h>
#include <stdarg.h>
#include <stdlib.h>
#include <string.h>
#include <stdio.h>
#include <wchar.h>
#include <float.h>

int main(int argc, char** argv)
{
  (void)argv;
#ifndef fseeko64
  return ((int*)(&fseeko64))[argc];
#else
  (void)argc;
  return 0;
#endif
}
Determining if the sysctlbyname exist failed with the following output:
Change Dir: /home/lucie/fit/izg/izgProject/build/CMakeFiles/CMakeTmp

Run Build Command(s):/usr/bin/make -f Makefile cmTC_d7fd7/fast && /usr/bin/make  -f CMakeFiles/cmTC_d7fd7.dir/build.make CMakeFiles/cmTC_d7fd7.dir/build
make[1]: Entering directory '/home/lucie/fit/izg/izgProject/build/CMakeFiles/CMakeTmp'
Building C object CMakeFiles/cmTC_d7fd7.dir/CheckSymbolExists.c.o
/usr/bin/cc   -g -O3 -idirafter "/home/lucie/fit/izg/izgProject/libs/SDL2-2.0.14/src/video/khronos"  -o CMakeFiles/cmTC_d7fd7.dir/CheckSymbolExists.c.o -c /home/lucie/fit/izg/izgProject/build/CMakeFiles/CMakeTmp/CheckSymbolExists.c
In file included from /home/lucie/fit/izg/izgProject/build/CMakeFiles/CMakeTmp/CheckSymbolExists.c:3:
/usr/include/x86_64-linux-gnu/sys/sysctl.h:21:2: warning: #warning "The <sys/sysctl.h> header is deprecated and will be removed." [-Wcpp]
   21 | #warning "The <sys/sysctl.h> header is deprecated and will be removed."
      |  ^~~~~~~
/home/lucie/fit/izg/izgProject/build/CMakeFiles/CMakeTmp/CheckSymbolExists.c: In function ‘main’:
/home/lucie/fit/izg/izgProject/build/CMakeFiles/CMakeTmp/CheckSymbolExists.c:9:19: error: ‘sysctlbyname’ undeclared (first use in this function)
    9 |   return ((int*)(&sysctlbyname))[argc];
      |                   ^~~~~~~~~~~~
/home/lucie/fit/izg/izgProject/build/CMakeFiles/CMakeTmp/CheckSymbolExists.c:9:19: note: each undeclared identifier is reported only once for each function it appears in
make[1]: *** [CMakeFiles/cmTC_d7fd7.dir/build.make:78: CMakeFiles/cmTC_d7fd7.dir/CheckSymbolExists.c.o] Error 1
make[1]: Leaving directory '/home/lucie/fit/izg/izgProject/build/CMakeFiles/CMakeTmp'
make: *** [Makefile:127: cmTC_d7fd7/fast] Error 2


File /home/lucie/fit/izg/izgProject/build/CMakeFiles/CMakeTmp/CheckSymbolExists.c:
/* */
#include <sys/types.h>
#include <sys/sysctl.h>

int main(int argc, char** argv)
{
  (void)argv;
#ifndef sysctlbyname
  return ((int*)(&sysctlbyname))[argc];
#else
  (void)argc;
  return 0;
#endif
}
Determining if the elf_aux_info exist failed with the following output:
Change Dir: /home/lucie/fit/izg/izgProject/build/CMakeFiles/CMakeTmp

Run Build Command(s):/usr/bin/make -f Makefile cmTC_a1a61/fast && /usr/bin/make  -f CMakeFiles/cmTC_a1a61.dir/build.make CMakeFiles/cmTC_a1a61.dir/build
make[1]: Entering directory '/home/lucie/fit/izg/izgProject/build/CMakeFiles/CMakeTmp'
Building C object CMakeFiles/cmTC_a1a61.dir/CheckSymbolExists.c.o
/usr/bin/cc   -g -O3 -idirafter "/home/lucie/fit/izg/izgProject/libs/SDL2-2.0.14/src/video/khronos"  -o CMakeFiles/cmTC_a1a61.dir/CheckSymbolExists.c.o -c /home/lucie/fit/izg/izgProject/build/CMakeFiles/CMakeTmp/CheckSymbolExists.c
/home/lucie/fit/izg/izgProject/build/CMakeFiles/CMakeTmp/CheckSymbolExists.c: In function ‘main’:
/home/lucie/fit/izg/izgProject/build/CMakeFiles/CMakeTmp/CheckSymbolExists.c:8:19: error: ‘elf_aux_info’ undeclared (first use in this function)
    8 |   return ((int*)(&elf_aux_info))[argc];
      |                   ^~~~~~~~~~~~
/home/lucie/fit/izg/izgProject/build/CMakeFiles/CMakeTmp/CheckSymbolExists.c:8:19: note: each undeclared identifier is reported only once for each function it appears in
make[1]: *** [CMakeFiles/cmTC_a1a61.dir/build.make:78: CMakeFiles/cmTC_a1a61.dir/CheckSymbolExists.c.o] Error 1
make[1]: Leaving directory '/home/lucie/fit/izg/izgProject/build/CMakeFiles/CMakeTmp'
make: *** [Makefile:127: cmTC_a1a61/fast] Error 2


File /home/lucie/fit/izg/izgProject/build/CMakeFiles/CMakeTmp/CheckSymbolExists.c:
/* */
#include <sys/auxv.h>

int main(int argc, char** argv)
{
  (void)argv;
#ifndef elf_aux_info
  return ((int*)(&elf_aux_info))[argc];
#else
  (void)argc;
  return 0;
#endif
}
Determining if the function iconv_open exists in the iconv failed with the following output:
Change Dir: /home/lucie/fit/izg/izgProject/build/CMakeFiles/CMakeTmp

Run Build Command(s):/usr/bin/make -f Makefile cmTC_87baa/fast && /usr/bin/make  -f CMakeFiles/cmTC_87baa.dir/build.make CMakeFiles/cmTC_87baa.dir/build
make[1]: Entering directory '/home/lucie/fit/izg/izgProject/build/CMakeFiles/CMakeTmp'
Building C object CMakeFiles/cmTC_87baa.dir/CheckFunctionExists.c.o
/usr/bin/cc   -g -O3 -idirafter "/home/lucie/fit/izg/izgProject/libs/SDL2-2.0.14/src/video/khronos" -DCHECK_FUNCTION_EXISTS=iconv_open -o CMakeFiles/cmTC_87baa.dir/CheckFunctionExists.c.o -c /snap/cmake/858/share/cmake-3.20/Modules/CheckFunctionExists.c
Linking C executable cmTC_87baa
/snap/cmake/858/bin/cmake -E cmake_link_script CMakeFiles/cmTC_87baa.dir/link.txt --verbose=1
/usr/bin/cc -g -O3 -idirafter "/home/lucie/fit/izg/izgProject/libs/SDL2-2.0.14/src/video/khronos" -DCHECK_FUNCTION_EXISTS=iconv_open -rdynamic CMakeFiles/cmTC_87baa.dir/CheckFunctionExists.c.o -o cmTC_87baa  -liconv 
/usr/bin/ld: cannot find -liconv
collect2: error: ld returned 1 exit status
make[1]: *** [CMakeFiles/cmTC_87baa.dir/build.make:99: cmTC_87baa] Error 1
make[1]: Leaving directory '/home/lucie/fit/izg/izgProject/build/CMakeFiles/CMakeTmp'
make: *** [Makefile:127: cmTC_87baa/fast] Error 2



Determining if the alloca exist failed with the following output:
Change Dir: /home/lucie/fit/izg/izgProject/build/CMakeFiles/CMakeTmp

Run Build Command(s):/usr/bin/make -f Makefile cmTC_5a3eb/fast && /usr/bin/make  -f CMakeFiles/cmTC_5a3eb.dir/build.make CMakeFiles/cmTC_5a3eb.dir/build
make[1]: Entering directory '/home/lucie/fit/izg/izgProject/build/CMakeFiles/CMakeTmp'
Building C object CMakeFiles/cmTC_5a3eb.dir/CheckSymbolExists.c.o
/usr/bin/cc   -g -O3 -idirafter "/home/lucie/fit/izg/izgProject/libs/SDL2-2.0.14/src/video/khronos"  -o CMakeFiles/cmTC_5a3eb.dir/CheckSymbolExists.c.o -c /home/lucie/fit/izg/izgProject/build/CMakeFiles/CMakeTmp/CheckSymbolExists.c
/home/lucie/fit/izg/izgProject/build/CMakeFiles/CMakeTmp/CheckSymbolExists.c: In function ‘main’:
/home/lucie/fit/izg/izgProject/build/CMakeFiles/CMakeTmp/CheckSymbolExists.c:8:19: error: ‘alloca’ undeclared (first use in this function); did you mean ‘valloc’?
    8 |   return ((int*)(&alloca))[argc];
      |                   ^~~~~~
      |                   valloc
/home/lucie/fit/izg/izgProject/build/CMakeFiles/CMakeTmp/CheckSymbolExists.c:8:19: note: each undeclared identifier is reported only once for each function it appears in
make[1]: *** [CMakeFiles/cmTC_5a3eb.dir/build.make:78: CMakeFiles/cmTC_5a3eb.dir/CheckSymbolExists.c.o] Error 1
make[1]: Leaving directory '/home/lucie/fit/izg/izgProject/build/CMakeFiles/CMakeTmp'
make: *** [Makefile:127: cmTC_5a3eb/fast] Error 2


File /home/lucie/fit/izg/izgProject/build/CMakeFiles/CMakeTmp/CheckSymbolExists.c:
/* */
#include <malloc.h>

int main(int argc, char** argv)
{
  (void)argv;
#ifndef alloca
  return ((int*)(&alloca))[argc];
#else
  (void)argc;
  return 0;
#endif
}
Determining if the dlopen exist failed with the following output:
Change Dir: /home/lucie/fit/izg/izgProject/build/CMakeFiles/CMakeTmp

Run Build Command(s):/usr/bin/make -f Makefile cmTC_c2261/fast && /usr/bin/make  -f CMakeFiles/cmTC_c2261.dir/build.make CMakeFiles/cmTC_c2261.dir/build
make[1]: Entering directory '/home/lucie/fit/izg/izgProject/build/CMakeFiles/CMakeTmp'
Building C object CMakeFiles/cmTC_c2261.dir/CheckSymbolExists.c.o
/usr/bin/cc   -g -O3 -idirafter "/home/lucie/fit/izg/izgProject/libs/SDL2-2.0.14/src/video/khronos"  -o CMakeFiles/cmTC_c2261.dir/CheckSymbolExists.c.o -c /home/lucie/fit/izg/izgProject/build/CMakeFiles/CMakeTmp/CheckSymbolExists.c
Linking C executable cmTC_c2261
/snap/cmake/858/bin/cmake -E cmake_link_script CMakeFiles/cmTC_c2261.dir/link.txt --verbose=1
/usr/bin/cc -g -O3 -idirafter "/home/lucie/fit/izg/izgProject/libs/SDL2-2.0.14/src/video/khronos"  -rdynamic CMakeFiles/cmTC_c2261.dir/CheckSymbolExists.c.o -o cmTC_c2261 
/usr/bin/ld: CMakeFiles/cmTC_c2261.dir/CheckSymbolExists.c.o: in function `main':
/home/lucie/fit/izg/izgProject/build/CMakeFiles/CMakeTmp/CheckSymbolExists.c:8: undefined reference to `dlopen'
collect2: error: ld returned 1 exit status
make[1]: *** [CMakeFiles/cmTC_c2261.dir/build.make:99: cmTC_c2261] Error 1
make[1]: Leaving directory '/home/lucie/fit/izg/izgProject/build/CMakeFiles/CMakeTmp'
make: *** [Makefile:127: cmTC_c2261/fast] Error 2


File /home/lucie/fit/izg/izgProject/build/CMakeFiles/CMakeTmp/CheckSymbolExists.c:
/* */
#include <dlfcn.h>

int main(int argc, char** argv)
{
  (void)argv;
#ifndef dlopen
  return ((int*)(&dlopen))[argc];
#else
  (void)argc;
  return 0;
#endif
}
Determining if the include file audio/audiolib.h exists failed with the following output:
Change Dir: /home/lucie/fit/izg/izgProject/build/CMakeFiles/CMakeTmp

Run Build Command(s):/usr/bin/make -f Makefile cmTC_a8842/fast && /usr/bin/make  -f CMakeFiles/cmTC_a8842.dir/build.make CMakeFiles/cmTC_a8842.dir/build
make[1]: Entering directory '/home/lucie/fit/izg/izgProject/build/CMakeFiles/CMakeTmp'
Building C object CMakeFiles/cmTC_a8842.dir/CheckIncludeFile.c.o
/usr/bin/cc   -g -O3 -idirafter "/home/lucie/fit/izg/izgProject/libs/SDL2-2.0.14/src/video/khronos"  -o CMakeFiles/cmTC_a8842.dir/CheckIncludeFile.c.o -c /home/lucie/fit/izg/izgProject/build/CMakeFiles/CMakeTmp/CheckIncludeFile.c
/home/lucie/fit/izg/izgProject/build/CMakeFiles/CMakeTmp/CheckIncludeFile.c:1:10: fatal error: audio/audiolib.h: No such file or directory
    1 | #include <audio/audiolib.h>
      |          ^~~~~~~~~~~~~~~~~~
compilation terminated.
make[1]: *** [CMakeFiles/cmTC_a8842.dir/build.make:78: CMakeFiles/cmTC_a8842.dir/CheckIncludeFile.c.o] Error 1
make[1]: Leaving directory '/home/lucie/fit/izg/izgProject/build/CMakeFiles/CMakeTmp'
make: *** [Makefile:127: cmTC_a8842/fast] Error 2



Determining if the include file sndio.h exists failed with the following output:
Change Dir: /home/lucie/fit/izg/izgProject/build/CMakeFiles/CMakeTmp

Run Build Command(s):/usr/bin/make -f Makefile cmTC_d5f91/fast && /usr/bin/make  -f CMakeFiles/cmTC_d5f91.dir/build.make CMakeFiles/cmTC_d5f91.dir/build
make[1]: Entering directory '/home/lucie/fit/izg/izgProject/build/CMakeFiles/CMakeTmp'
Building C object CMakeFiles/cmTC_d5f91.dir/CheckIncludeFile.c.o
/usr/bin/cc   -g -O3 -idirafter "/home/lucie/fit/izg/izgProject/libs/SDL2-2.0.14/src/video/khronos"  -o CMakeFiles/cmTC_d5f91.dir/CheckIncludeFile.c.o -c /home/lucie/fit/izg/izgProject/build/CMakeFiles/CMakeTmp/CheckIncludeFile.c
/home/lucie/fit/izg/izgProject/build/CMakeFiles/CMakeTmp/CheckIncludeFile.c:1:10: fatal error: sndio.h: No such file or directory
    1 | #include <sndio.h>
      |          ^~~~~~~~~
compilation terminated.
make[1]: *** [CMakeFiles/cmTC_d5f91.dir/build.make:78: CMakeFiles/cmTC_d5f91.dir/CheckIncludeFile.c.o] Error 1
make[1]: Leaving directory '/home/lucie/fit/izg/izgProject/build/CMakeFiles/CMakeTmp'
make: *** [Makefile:127: cmTC_d5f91/fast] Error 2



Determining if the include file samplerate.h exists failed with the following output:
Change Dir: /home/lucie/fit/izg/izgProject/build/CMakeFiles/CMakeTmp

Run Build Command(s):/usr/bin/make -f Makefile cmTC_cc195/fast && /usr/bin/make  -f CMakeFiles/cmTC_cc195.dir/build.make CMakeFiles/cmTC_cc195.dir/build
make[1]: Entering directory '/home/lucie/fit/izg/izgProject/build/CMakeFiles/CMakeTmp'
Building C object CMakeFiles/cmTC_cc195.dir/CheckIncludeFile.c.o
/usr/bin/cc   -g -O3 -idirafter "/home/lucie/fit/izg/izgProject/libs/SDL2-2.0.14/src/video/khronos"  -o CMakeFiles/cmTC_cc195.dir/CheckIncludeFile.c.o -c /home/lucie/fit/izg/izgProject/build/CMakeFiles/CMakeTmp/CheckIncludeFile.c
/home/lucie/fit/izg/izgProject/build/CMakeFiles/CMakeTmp/CheckIncludeFile.c:1:10: fatal error: samplerate.h: No such file or directory
    1 | #include <samplerate.h>
      |          ^~~~~~~~~~~~~~
compilation terminated.
make[1]: *** [CMakeFiles/cmTC_cc195.dir/build.make:78: CMakeFiles/cmTC_cc195.dir/CheckIncludeFile.c.o] Error 1
make[1]: Leaving directory '/home/lucie/fit/izg/izgProject/build/CMakeFiles/CMakeTmp'
make: *** [Makefile:127: cmTC_cc195/fast] Error 2



Performing C SOURCE FILE Test HAVE_VIDEO_RPI failed with the following output:
Change Dir: /home/lucie/fit/izg/izgProject/build/CMakeFiles/CMakeTmp

Run Build Command(s):/usr/bin/make -f Makefile cmTC_e3663/fast && /usr/bin/make  -f CMakeFiles/cmTC_e3663.dir/build.make CMakeFiles/cmTC_e3663.dir/build
make[1]: Entering directory '/home/lucie/fit/izg/izgProject/build/CMakeFiles/CMakeTmp'
Building C object CMakeFiles/cmTC_e3663.dir/src.c.o
/usr/bin/cc -DHAVE_VIDEO_RPI  -g -O3 -idirafter "/home/lucie/fit/izg/izgProject/libs/SDL2-2.0.14/src/video/khronos"  -I/opt/vc/include/interface/vmcs_host/linux/ -I/opt/vc/include/interface/vcos/pthreads -I/opt/vc/include  -L/opt/vc/lib -std=gnu99 -o CMakeFiles/cmTC_e3663.dir/src.c.o -c /home/lucie/fit/izg/izgProject/build/CMakeFiles/CMakeTmp/src.c
/home/lucie/fit/izg/izgProject/build/CMakeFiles/CMakeTmp/src.c:2:18: fatal error: bcm_host.h: No such file or directory
    2 |         #include <bcm_host.h>
      |                  ^~~~~~~~~~~~
compilation terminated.
make[1]: *** [CMakeFiles/cmTC_e3663.dir/build.make:78: CMakeFiles/cmTC_e3663.dir/src.c.o] Error 1
make[1]: Leaving directory '/home/lucie/fit/izg/izgProject/build/CMakeFiles/CMakeTmp'
make: *** [Makefile:127: cmTC_e3663/fast] Error 2


Source file was:

        #include <bcm_host.h>
        int main(int argc, char **argv) {}
Determining if the include file X11/Xcursor/Xcursor.h exists failed with the following output:
Change Dir: /home/lucie/fit/izg/izgProject/build/CMakeFiles/CMakeTmp

Run Build Command(s):/usr/bin/make -f Makefile cmTC_8fe3f/fast && /usr/bin/make  -f CMakeFiles/cmTC_8fe3f.dir/build.make CMakeFiles/cmTC_8fe3f.dir/build
make[1]: Entering directory '/home/lucie/fit/izg/izgProject/build/CMakeFiles/CMakeTmp'
Building C object CMakeFiles/cmTC_8fe3f.dir/CheckIncludeFile.c.o
/usr/bin/cc   -g -O3 -idirafter "/home/lucie/fit/izg/izgProject/libs/SDL2-2.0.14/src/video/khronos"  -o CMakeFiles/cmTC_8fe3f.dir/CheckIncludeFile.c.o -c /home/lucie/fit/izg/izgProject/build/CMakeFiles/CMakeTmp/CheckIncludeFile.c
/home/lucie/fit/izg/izgProject/build/CMakeFiles/CMakeTmp/CheckIncludeFile.c:1:10: fatal error: X11/Xcursor/Xcursor.h: No such file or directory
    1 | #include <X11/Xcursor/Xcursor.h>
      |          ^~~~~~~~~~~~~~~~~~~~~~~
compilation terminated.
make[1]: *** [CMakeFiles/cmTC_8fe3f.dir/build.make:78: CMakeFiles/cmTC_8fe3f.dir/CheckIncludeFile.c.o] Error 1
make[1]: Leaving directory '/home/lucie/fit/izg/izgProject/build/CMakeFiles/CMakeTmp'
make: *** [Makefile:127: cmTC_8fe3f/fast] Error 2



Determining if the include file X11/extensions/Xinerama.h exists failed with the following output:
Change Dir: /home/lucie/fit/izg/izgProject/build/CMakeFiles/CMakeTmp

Run Build Command(s):/usr/bin/make -f Makefile cmTC_ba067/fast && /usr/bin/make  -f CMakeFiles/cmTC_ba067.dir/build.make CMakeFiles/cmTC_ba067.dir/build
make[1]: Entering directory '/home/lucie/fit/izg/izgProject/build/CMakeFiles/CMakeTmp'
Building C object CMakeFiles/cmTC_ba067.dir/CheckIncludeFile.c.o
/usr/bin/cc   -g -O3 -idirafter "/home/lucie/fit/izg/izgProject/libs/SDL2-2.0.14/src/video/khronos"  -o CMakeFiles/cmTC_ba067.dir/CheckIncludeFile.c.o -c /home/lucie/fit/izg/izgProject/build/CMakeFiles/CMakeTmp/CheckIncludeFile.c
/home/lucie/fit/izg/izgProject/build/CMakeFiles/CMakeTmp/CheckIncludeFile.c:1:10: fatal error: X11/extensions/Xinerama.h: No such file or directory
    1 | #include <X11/extensions/Xinerama.h>
      |          ^~~~~~~~~~~~~~~~~~~~~~~~~~~
compilation terminated.
make[1]: *** [CMakeFiles/cmTC_ba067.dir/build.make:78: CMakeFiles/cmTC_ba067.dir/CheckIncludeFile.c.o] Error 1
make[1]: Leaving directory '/home/lucie/fit/izg/izgProject/build/CMakeFiles/CMakeTmp'
make: *** [Makefile:127: cmTC_ba067/fast] Error 2



Determining if the include file X11/extensions/XInput2.h exists failed with the following output:
Change Dir: /home/lucie/fit/izg/izgProject/build/CMakeFiles/CMakeTmp

Run Build Command(s):/usr/bin/make -f Makefile cmTC_d784d/fast && /usr/bin/make  -f CMakeFiles/cmTC_d784d.dir/build.make CMakeFiles/cmTC_d784d.dir/build
make[1]: Entering directory '/home/lucie/fit/izg/izgProject/build/CMakeFiles/CMakeTmp'
Building C object CMakeFiles/cmTC_d784d.dir/CheckIncludeFile.c.o
/usr/bin/cc   -g -O3 -idirafter "/home/lucie/fit/izg/izgProject/libs/SDL2-2.0.14/src/video/khronos"  -o CMakeFiles/cmTC_d784d.dir/CheckIncludeFile.c.o -c /home/lucie/fit/izg/izgProject/build/CMakeFiles/CMakeTmp/CheckIncludeFile.c
/home/lucie/fit/izg/izgProject/build/CMakeFiles/CMakeTmp/CheckIncludeFile.c:1:10: fatal error: X11/extensions/XInput2.h: No such file or directory
    1 | #include <X11/extensions/XInput2.h>
      |          ^~~~~~~~~~~~~~~~~~~~~~~~~~
compilation terminated.
make[1]: *** [CMakeFiles/cmTC_d784d.dir/build.make:78: CMakeFiles/cmTC_d784d.dir/CheckIncludeFile.c.o] Error 1
make[1]: Leaving directory '/home/lucie/fit/izg/izgProject/build/CMakeFiles/CMakeTmp'
make: *** [Makefile:127: cmTC_d784d/fast] Error 2



Determining if the include file X11/extensions/Xrandr.h exists failed with the following output:
Change Dir: /home/lucie/fit/izg/izgProject/build/CMakeFiles/CMakeTmp

Run Build Command(s):/usr/bin/make -f Makefile cmTC_ec53c/fast && /usr/bin/make  -f CMakeFiles/cmTC_ec53c.dir/build.make CMakeFiles/cmTC_ec53c.dir/build
make[1]: Entering directory '/home/lucie/fit/izg/izgProject/build/CMakeFiles/CMakeTmp'
Building C object CMakeFiles/cmTC_ec53c.dir/CheckIncludeFile.c.o
/usr/bin/cc   -g -O3 -idirafter "/home/lucie/fit/izg/izgProject/libs/SDL2-2.0.14/src/video/khronos"  -o CMakeFiles/cmTC_ec53c.dir/CheckIncludeFile.c.o -c /home/lucie/fit/izg/izgProject/build/CMakeFiles/CMakeTmp/CheckIncludeFile.c
/home/lucie/fit/izg/izgProject/build/CMakeFiles/CMakeTmp/CheckIncludeFile.c:1:10: fatal error: X11/extensions/Xrandr.h: No such file or directory
    1 | #include <X11/extensions/Xrandr.h>
      |          ^~~~~~~~~~~~~~~~~~~~~~~~~
compilation terminated.
make[1]: *** [CMakeFiles/cmTC_ec53c.dir/build.make:78: CMakeFiles/cmTC_ec53c.dir/CheckIncludeFile.c.o] Error 1
make[1]: Leaving directory '/home/lucie/fit/izg/izgProject/build/CMakeFiles/CMakeTmp'
make: *** [Makefile:127: cmTC_ec53c/fast] Error 2



Determining if the include file X11/extensions/Xrender.h exists failed with the following output:
Change Dir: /home/lucie/fit/izg/izgProject/build/CMakeFiles/CMakeTmp

Run Build Command(s):/usr/bin/make -f Makefile cmTC_1a3e4/fast && /usr/bin/make  -f CMakeFiles/cmTC_1a3e4.dir/build.make CMakeFiles/cmTC_1a3e4.dir/build
make[1]: Entering directory '/home/lucie/fit/izg/izgProject/build/CMakeFiles/CMakeTmp'
Building C object CMakeFiles/cmTC_1a3e4.dir/CheckIncludeFile.c.o
/usr/bin/cc   -g -O3 -idirafter "/home/lucie/fit/izg/izgProject/libs/SDL2-2.0.14/src/video/khronos"  -o CMakeFiles/cmTC_1a3e4.dir/CheckIncludeFile.c.o -c /home/lucie/fit/izg/izgProject/build/CMakeFiles/CMakeTmp/CheckIncludeFile.c
/home/lucie/fit/izg/izgProject/build/CMakeFiles/CMakeTmp/CheckIncludeFile.c:1:10: fatal error: X11/extensions/Xrender.h: No such file or directory
    1 | #include <X11/extensions/Xrender.h>
      |          ^~~~~~~~~~~~~~~~~~~~~~~~~~
compilation terminated.
make[1]: *** [CMakeFiles/cmTC_1a3e4.dir/build.make:78: CMakeFiles/cmTC_1a3e4.dir/CheckIncludeFile.c.o] Error 1
make[1]: Leaving directory '/home/lucie/fit/izg/izgProject/build/CMakeFiles/CMakeTmp'
make: *** [Makefile:127: cmTC_1a3e4/fast] Error 2



Determining if the include file X11/extensions/scrnsaver.h exists failed with the following output:
Change Dir: /home/lucie/fit/izg/izgProject/build/CMakeFiles/CMakeTmp

Run Build Command(s):/usr/bin/make -f Makefile cmTC_74e12/fast && /usr/bin/make  -f CMakeFiles/cmTC_74e12.dir/build.make CMakeFiles/cmTC_74e12.dir/build
make[1]: Entering directory '/home/lucie/fit/izg/izgProject/build/CMakeFiles/CMakeTmp'
Building C object CMakeFiles/cmTC_74e12.dir/CheckIncludeFile.c.o
/usr/bin/cc   -g -O3 -idirafter "/home/lucie/fit/izg/izgProject/libs/SDL2-2.0.14/src/video/khronos"  -o CMakeFiles/cmTC_74e12.dir/CheckIncludeFile.c.o -c /home/lucie/fit/izg/izgProject/build/CMakeFiles/CMakeTmp/CheckIncludeFile.c
/home/lucie/fit/izg/izgProject/build/CMakeFiles/CMakeTmp/CheckIncludeFile.c:1:10: fatal error: X11/extensions/scrnsaver.h: No such file or directory
    1 | #include <X11/extensions/scrnsaver.h>
      |          ^~~~~~~~~~~~~~~~~~~~~~~~~~~~
compilation terminated.
make[1]: *** [CMakeFiles/cmTC_74e12.dir/build.make:78: CMakeFiles/cmTC_74e12.dir/CheckIncludeFile.c.o] Error 1
make[1]: Leaving directory '/home/lucie/fit/izg/izgProject/build/CMakeFiles/CMakeTmp'
make: *** [Makefile:127: cmTC_74e12/fast] Error 2



Determining if files X11/Xlib.h;X11/extensions/xf86vmode.h exist failed with the following output:
Change Dir: /home/lucie/fit/izg/izgProject/build/CMakeFiles/CMakeTmp

Run Build Command(s):/usr/bin/make -f Makefile cmTC_7fe70/fast && /usr/bin/make  -f CMakeFiles/cmTC_7fe70.dir/build.make CMakeFiles/cmTC_7fe70.dir/build
make[1]: Entering directory '/home/lucie/fit/izg/izgProject/build/CMakeFiles/CMakeTmp'
Building C object CMakeFiles/cmTC_7fe70.dir/HAVE_XF86VM_H.c.o
/usr/bin/cc   -g -O3 -idirafter "/home/lucie/fit/izg/izgProject/libs/SDL2-2.0.14/src/video/khronos"  -o CMakeFiles/cmTC_7fe70.dir/HAVE_XF86VM_H.c.o -c /home/lucie/fit/izg/izgProject/build/CMakeFiles/CheckIncludeFiles/HAVE_XF86VM_H.c
/home/lucie/fit/izg/izgProject/build/CMakeFiles/CheckIncludeFiles/HAVE_XF86VM_H.c:3:10: fatal error: X11/extensions/xf86vmode.h: No such file or directory
    3 | #include <X11/extensions/xf86vmode.h>
      |          ^~~~~~~~~~~~~~~~~~~~~~~~~~~~
compilation terminated.
make[1]: *** [CMakeFiles/cmTC_7fe70.dir/build.make:78: CMakeFiles/cmTC_7fe70.dir/HAVE_XF86VM_H.c.o] Error 1
make[1]: Leaving directory '/home/lucie/fit/izg/izgProject/build/CMakeFiles/CMakeTmp'
make: *** [Makefile:127: cmTC_7fe70/fast] Error 2


Source:
/* */
#include <X11/Xlib.h>
#include <X11/extensions/xf86vmode.h>


int main(void){return 0;}

Performing C SOURCE FILE Test HAVE_VIDEO_VIVANTE_VDK failed with the following output:
Change Dir: /home/lucie/fit/izg/izgProject/build/CMakeFiles/CMakeTmp

Run Build Command(s):/usr/bin/make -f Makefile cmTC_c80a4/fast && /usr/bin/make  -f CMakeFiles/cmTC_c80a4.dir/build.make CMakeFiles/cmTC_c80a4.dir/build
make[1]: Entering directory '/home/lucie/fit/izg/izgProject/build/CMakeFiles/CMakeTmp'
Building C object CMakeFiles/cmTC_c80a4.dir/src.c.o
/usr/bin/cc -DHAVE_VIDEO_VIVANTE_VDK  -g -O3 -idirafter "/home/lucie/fit/izg/izgProject/libs/SDL2-2.0.14/src/video/khronos"   -std=gnu99 -o CMakeFiles/cmTC_c80a4.dir/src.c.o -c /home/lucie/fit/izg/izgProject/build/CMakeFiles/CMakeTmp/src.c
/home/lucie/fit/izg/izgProject/build/CMakeFiles/CMakeTmp/src.c:2:18: fatal error: gc_vdk.h: No such file or directory
    2 |         #include <gc_vdk.h>
      |                  ^~~~~~~~~~
compilation terminated.
make[1]: *** [CMakeFiles/cmTC_c80a4.dir/build.make:78: CMakeFiles/cmTC_c80a4.dir/src.c.o] Error 1
make[1]: Leaving directory '/home/lucie/fit/izg/izgProject/build/CMakeFiles/CMakeTmp'
make: *** [Makefile:127: cmTC_c80a4/fast] Error 2


Source file was:

        #include <gc_vdk.h>
        int main(int argc, char** argv) {}
Performing C SOURCE FILE Test HAVE_VIDEO_VIVANTE_EGL_FB failed with the following output:
Change Dir: /home/lucie/fit/izg/izgProject/build/CMakeFiles/CMakeTmp

Run Build Command(s):/usr/bin/make -f Makefile cmTC_026c7/fast && /usr/bin/make  -f CMakeFiles/cmTC_026c7.dir/build.make CMakeFiles/cmTC_026c7.dir/build
make[1]: Entering directory '/home/lucie/fit/izg/izgProject/build/CMakeFiles/CMakeTmp'
Building C object CMakeFiles/cmTC_026c7.dir/src.c.o
/usr/bin/cc -DHAVE_VIDEO_VIVANTE_EGL_FB  -g -O3 -idirafter "/home/lucie/fit/izg/izgProject/libs/SDL2-2.0.14/src/video/khronos"   -std=gnu99 -o CMakeFiles/cmTC_026c7.dir/src.c.o -c /home/lucie/fit/izg/izgProject/build/CMakeFiles/CMakeTmp/src.c
/home/lucie/fit/izg/izgProject/build/CMakeFiles/CMakeTmp/src.c:4:18: fatal error: EGL/eglvivante.h: No such file or directory
    4 |         #include <EGL/eglvivante.h>
      |                  ^~~~~~~~~~~~~~~~~~
compilation terminated.
make[1]: *** [CMakeFiles/cmTC_026c7.dir/build.make:78: CMakeFiles/cmTC_026c7.dir/src.c.o] Error 1
make[1]: Leaving directory '/home/lucie/fit/izg/izgProject/build/CMakeFiles/CMakeTmp'
make: *** [Makefile:127: cmTC_026c7/fast] Error 2


Source file was:

        #define LINUX
        #define EGL_API_FB
        #include <EGL/eglvivante.h>
        int main(int argc, char** argv) {}
Determining if the include file libudev.h exists failed with the following output:
Change Dir: /home/lucie/fit/izg/izgProject/build/CMakeFiles/CMakeTmp

Run Build Command(s):/usr/bin/make -f Makefile cmTC_679cc/fast && /usr/bin/make  -f CMakeFiles/cmTC_679cc.dir/build.make CMakeFiles/cmTC_679cc.dir/build
make[1]: Entering directory '/home/lucie/fit/izg/izgProject/build/CMakeFiles/CMakeTmp'
Building C object CMakeFiles/cmTC_679cc.dir/CheckIncludeFile.c.o
/usr/bin/cc   -g -O3 -idirafter "/home/lucie/fit/izg/izgProject/libs/SDL2-2.0.14/src/video/khronos"   -o CMakeFiles/cmTC_679cc.dir/CheckIncludeFile.c.o -c /home/lucie/fit/izg/izgProject/build/CMakeFiles/CMakeTmp/CheckIncludeFile.c
/home/lucie/fit/izg/izgProject/build/CMakeFiles/CMakeTmp/CheckIncludeFile.c:1:10: fatal error: libudev.h: No such file or directory
    1 | #include <libudev.h>
      |          ^~~~~~~~~~~
compilation terminated.
make[1]: *** [CMakeFiles/cmTC_679cc.dir/build.make:78: CMakeFiles/cmTC_679cc.dir/CheckIncludeFile.c.o] Error 1
make[1]: Leaving directory '/home/lucie/fit/izg/izgProject/build/CMakeFiles/CMakeTmp'
make: *** [Makefile:127: cmTC_679cc/fast] Error 2



Determining if files pthread_np.h exist failed with the following output:
Change Dir: /home/lucie/fit/izg/izgProject/build/CMakeFiles/CMakeTmp

Run Build Command(s):/usr/bin/make -f Makefile cmTC_a8bbb/fast && /usr/bin/make  -f CMakeFiles/cmTC_a8bbb.dir/build.make CMakeFiles/cmTC_a8bbb.dir/build
make[1]: Entering directory '/home/lucie/fit/izg/izgProject/build/CMakeFiles/CMakeTmp'
Building C object CMakeFiles/cmTC_a8bbb.dir/HAVE_PTHREAD_NP_H.c.o
/usr/bin/cc   -g -O3 -idirafter "/home/lucie/fit/izg/izgProject/libs/SDL2-2.0.14/src/video/khronos"   -D_REENTRANT -pthread -o CMakeFiles/cmTC_a8bbb.dir/HAVE_PTHREAD_NP_H.c.o -c /home/lucie/fit/izg/izgProject/build/CMakeFiles/CheckIncludeFiles/HAVE_PTHREAD_NP_H.c
/home/lucie/fit/izg/izgProject/build/CMakeFiles/CheckIncludeFiles/HAVE_PTHREAD_NP_H.c:2:10: fatal error: pthread_np.h: No such file or directory
    2 | #include <pthread_np.h>
      |          ^~~~~~~~~~~~~~
compilation terminated.
make[1]: *** [CMakeFiles/cmTC_a8bbb.dir/build.make:78: CMakeFiles/cmTC_a8bbb.dir/HAVE_PTHREAD_NP_H.c.o] Error 1
make[1]: Leaving directory '/home/lucie/fit/izg/izgProject/build/CMakeFiles/CMakeTmp'
make: *** [Makefile:127: cmTC_a8bbb/fast] Error 2


Source:
/* */
#include <pthread_np.h>


int main(void){return 0;}

Determining if the pthread_setname_np exist failed with the following output:
Change Dir: /home/lucie/fit/izg/izgProject/build/CMakeFiles/CMakeTmp

Run Build Command(s):/usr/bin/make -f Makefile cmTC_a59e1/fast && /usr/bin/make  -f CMakeFiles/cmTC_a59e1.dir/build.make CMakeFiles/cmTC_a59e1.dir/build
make[1]: Entering directory '/home/lucie/fit/izg/izgProject/build/CMakeFiles/CMakeTmp'
Building C object CMakeFiles/cmTC_a59e1.dir/CheckSymbolExists.c.o
/usr/bin/cc   -g -O3 -idirafter "/home/lucie/fit/izg/izgProject/libs/SDL2-2.0.14/src/video/khronos"   -D_REENTRANT -pthread -o CMakeFiles/cmTC_a59e1.dir/CheckSymbolExists.c.o -c /home/lucie/fit/izg/izgProject/build/CMakeFiles/CMakeTmp/CheckSymbolExists.c
/home/lucie/fit/izg/izgProject/build/CMakeFiles/CMakeTmp/CheckSymbolExists.c: In function ‘main’:
/home/lucie/fit/izg/izgProject/build/CMakeFiles/CMakeTmp/CheckSymbolExists.c:8:19: error: ‘pthread_setname_np’ undeclared (first use in this function); did you mean ‘pthread_setcanceltype’?
    8 |   return ((int*)(&pthread_setname_np))[argc];
      |                   ^~~~~~~~~~~~~~~~~~
      |                   pthread_setcanceltype
/home/lucie/fit/izg/izgProject/build/CMakeFiles/CMakeTmp/CheckSymbolExists.c:8:19: note: each undeclared identifier is reported only once for each function it appears in
make[1]: *** [CMakeFiles/cmTC_a59e1.dir/build.make:78: CMakeFiles/cmTC_a59e1.dir/CheckSymbolExists.c.o] Error 1
make[1]: Leaving directory '/home/lucie/fit/izg/izgProject/build/CMakeFiles/CMakeTmp'
make: *** [Makefile:127: cmTC_a59e1/fast] Error 2


File /home/lucie/fit/izg/izgProject/build/CMakeFiles/CMakeTmp/CheckSymbolExists.c:
/* */
#include <pthread.h>

int main(int argc, char** argv)
{
  (void)argv;
#ifndef pthread_setname_np
  return ((int*)(&pthread_setname_np))[argc];
#else
  (void)argc;
  return 0;
#endif
}
